0118_11:32:01 !! op takes 0.261999845505 seconds : function:GET /api/mgr/sq_mgr/  
0118_11:32:05 !! op takes 0.12099981308 seconds : function:GET /api/mgr/sq_mgr/  
0118_11:32:07 !! op takes 0.125 seconds : function:GET /api/mgr/sq_mgr/  
0118_11:32:09 !! op takes 0.125999927521 seconds : function:GET /api/mgr/sq_mgr/  
0118_11:32:10 !! op takes 0.138000011444 seconds : function:GET /api/mgr/sq_mgr/  
0118_11:32:13 !! op takes 0.158999919891 seconds : function:GET /api/mgr/sq_mgr/  
0118_11:32:15 !! op takes 0.12700009346 seconds : function:GET /api/mgr/sq_mgr/  
0118_11:32:15 !! op takes 0.15700006485 seconds : function:GET /api/mgr/sq_mgr/  
0118_11:32:16 !! op takes 0.118000030518 seconds : function:GET /api/mgr/sq_mgr/  
0118_11:32:16 !! op takes 0.12299990654 seconds : function:GET /api/mgr/sq_mgr/  
0118_11:32:16 !! op takes 0.126000165939 seconds : function:GET /api/mgr/sq_mgr/  
0118_11:32:17 !! op takes 0.123000144958 seconds : function:GET /api/mgr/sq_mgr/  
0118_11:32:18 !! op takes 0.128999948502 seconds : function:GET /api/mgr/sq_mgr/  
0118_11:32:23 !! op takes 0.138000011444 seconds : function:GET /api/mgr/sq_mgr/  
0118_11:34:06 !! op takes 0.292999982834 seconds : function:GET /api/mgr/sq_mgr/  
0118_11:34:07 !! op takes 0.12700009346 seconds : function:GET /api/mgr/sq_mgr/  
0118_11:34:08 !! op takes 0.123000144958 seconds : function:GET /api/mgr/sq_mgr/  
0118_11:34:09 !! op takes 0.125999927521 seconds : function:GET /api/mgr/sq_mgr/  
0118_11:34:10 !! op takes 0.161000013351 seconds : function:GET /api/mgr/sq_mgr/  
0118_11:34:11 !! op takes 0.109999895096 seconds : function:GET /api/mgr/sq_mgr/  
0118_11:34:12 !! op takes 0.125 seconds : function:GET /api/mgr/sq_mgr/  
0118_11:34:12 !! op takes 0.124000072479 seconds : function:GET /api/mgr/sq_mgr/  
0118_11:35:01 !! op takes 0.24799990654 seconds : function:GET /api/mgr/sq_mgr/  
0118_11:35:03 !! op takes 0.124000072479 seconds : function:GET /api/mgr/sq_mgr/  
0118_11:35:03 !! op takes 0.132000207901 seconds : function:GET /api/mgr/sq_mgr/  
0118_11:35:03 !! op takes 0.118000030518 seconds : function:GET /api/mgr/sq_mgr/  
0118_11:35:04 !! op takes 0.115999937057 seconds : function:GET /api/mgr/sq_mgr/  
0118_11:35:04 !! op takes 0.15499997139 seconds : function:GET /api/mgr/sq_mgr/  
0118_11:35:04 !! op takes 0.123000144958 seconds : function:GET /api/mgr/sq_mgr/  
0118_11:35:05 !! op takes 0.119999885559 seconds : function:GET /api/mgr/sq_mgr/  
0118_11:35:12 !! op takes 0.256999969482 seconds : function:GET /api/mgr/sq_mgr/  
0118_11:35:15 !! op takes 0.108000040054 seconds : function:GET /api/mgr/sq_mgr/  
0118_11:35:19 !! op takes 0.101999998093 seconds : function:GET /api/mgr/sq_mgr/  
0118_11:35:22 !! op takes 0.139000177383 seconds : function:GET /api/mgr/sq_mgr/  
0118_11:35:23 !! op takes 0.175999879837 seconds : function:GET /api/mgr/sq_mgr/  
0118_11:35:23 !! op takes 0.125 seconds : function:GET /api/mgr/sq_mgr/  
0118_11:35:50 !! op takes 0.121999979019 seconds : function:GET /api/mgr/sq_mgr/  
0118_11:35:50 !! op takes 0.135999917984 seconds : function:GET /api/mgr/sq_mgr/  
0118_11:35:50 !! op takes 0.12299990654 seconds : function:GET /api/mgr/sq_mgr/  
0118_11:35:57 !! op takes 0.219000101089 seconds : function:GET /api/mgr/sq_mgr/  
0118_11:36:02 !! op takes 0.120000123978 seconds : function:GET /api/mgr/sq_mgr/  
0118_11:36:04 !! op takes 0.106999874115 seconds : function:GET /api/mgr/sq_mgr/  
0118_11:36:05 !! op takes 0.106999874115 seconds : function:GET /api/mgr/sq_mgr/  
0118_11:36:05 !! op takes 0.108000040054 seconds : function:GET /api/mgr/sq_mgr/  
0118_11:36:06 !! op takes 0.108000040054 seconds : function:GET /api/mgr/sq_mgr/  
0118_11:36:06 !! op takes 0.106999874115 seconds : function:GET /api/mgr/sq_mgr/  
0118_11:36:07 !! op takes 0.106000185013 seconds : function:GET /api/mgr/sq_mgr/  
0118_11:36:07 !! op takes 0.101999998093 seconds : function:GET /api/mgr/sq_mgr/  
0118_11:36:07 !! op takes 0.119999885559 seconds : function:GET /api/mgr/sq_mgr/  
0118_11:36:07 !! op takes 0.123000144958 seconds : function:GET /api/mgr/sq_mgr/  
0118_11:36:08 !! op takes 0.134000062943 seconds : function:GET /api/mgr/sq_mgr/  
0118_11:36:08 !! op takes 0.121000051498 seconds : function:GET /api/mgr/sq_mgr/  
0118_11:36:09 !! op takes 0.116000175476 seconds : function:GET /api/mgr/sq_mgr/  
0118_11:36:25 !! op takes 0.30999994278 seconds : function:GET /api/mgr/sq_mgr/  
0118_11:36:26 !! op takes 0.463000059128 seconds : function:GET /api/mgr/sq_mgr/  
0118_11:36:32 !! op takes 0.154000043869 seconds : function:GET /api/mgr/sq_mgr/  
0118_14:44:52 !! op takes 0.125 seconds : function:GET /api/mgr/sq_mgr/  
0118_14:44:57 !! op takes 0.119000196457 seconds : function:GET /api/mgr/sq_mgr/  
0118_14:44:57 !! op takes 0.135999917984 seconds : function:GET /api/mgr/sq_mgr/  
0118_14:44:57 !! op takes 0.159999847412 seconds : function:GET /api/mgr/sq_mgr/  
0118_14:45:15 !! op takes 0.116000175476 seconds : function:GET /api/mgr/sq_mgr/  
0118_14:45:15 !! op takes 0.143000125885 seconds : function:GET /api/mgr/sq_mgr/  
0118_14:45:17 !! op takes 0.113999843597 seconds : function:GET /api/mgr/sq_mgr/  
0118_14:45:17 !! op takes 0.118000030518 seconds : function:GET /api/mgr/sq_mgr/  
0118_14:45:18 !! op takes 0.106000185013 seconds : function:GET /api/mgr/sq_mgr/  
0118_14:45:18 !! op takes 0.111999988556 seconds : function:GET /api/mgr/sq_mgr/  
0118_14:45:18 !! op takes 0.121999979019 seconds : function:GET /api/mgr/sq_mgr/  
0118_14:45:19 !! op takes 0.124000072479 seconds : function:GET /api/mgr/sq_mgr/  
0118_14:45:21 !! op takes 0.21599984169 seconds : function:GET /api/mgr/sq_mgr/  
0118_14:45:38 !! op takes 0.136000156403 seconds : function:GET /api/mgr/sq_mgr/  
0118_14:45:38 !! op takes 0.205000162125 seconds : function:GET /api/mgr/sq_mgr/  
0118_14:45:38 !! op takes 0.116999864578 seconds : function:GET /api/mgr/sq_mgr/  
0118_14:45:39 !! op takes 0.118000030518 seconds : function:GET /api/mgr/sq_mgr/  
0118_14:46:02 !! op takes 0.131999969482 seconds : function:GET /api/mgr/sq_mgr/  
0118_14:46:02 !! op takes 0.15399980545 seconds : function:GET /api/mgr/sq_mgr/  
0118_14:46:02 !! op takes 0.124000072479 seconds : function:GET /api/mgr/sq_mgr/  
0118_14:46:02 !! op takes 0.111999988556 seconds : function:GET /api/mgr/sq_mgr/  
0118_14:47:04 !! op takes 0.237999916077 seconds : function:GET /api/mgr/sq_mgr/  
0118_14:49:16 !! op takes 0.15499997139 seconds : function:GET /api/mgr/sq_mgr/  
0118_14:49:17 !! op takes 0.125 seconds : function:GET /api/mgr/sq_mgr/  
0118_14:49:17 !! op takes 0.135999917984 seconds : function:GET /api/mgr/sq_mgr/  
0118_14:49:18 !! op takes 0.120000123978 seconds : function:GET /api/mgr/sq_mgr/  
0118_14:49:18 !! op takes 0.12299990654 seconds : function:GET /api/mgr/sq_mgr/  
0118_14:49:18 !! op takes 0.121999979019 seconds : function:GET /api/mgr/sq_mgr/  
0118_14:49:19 !! op takes 0.135999917984 seconds : function:GET /api/mgr/sq_mgr/  
0118_14:49:21 !! op takes 0.223999977112 seconds : function:GET /api/mgr/sq_mgr/  
0118_14:49:24 !! op takes 0.124000072479 seconds : function:GET /api/mgr/sq_mgr/  
0118_14:49:25 !! op takes 0.105999946594 seconds : function:GET /api/mgr/sq_mgr/  
0118_14:49:27 !! op takes 0.114999771118 seconds : function:GET /api/mgr/sq_mgr/  
0118_14:49:30 !! op takes 0.15700006485 seconds : function:GET /api/mgr/sq_mgr/  
0118_14:49:33 !! op takes 0.116999864578 seconds : function:GET /api/mgr/sq_mgr/  
0118_14:50:09 !! op takes 0.115999937057 seconds : function:GET /api/mgr/sq_mgr/  
0118_14:50:09 !! op takes 0.149999856949 seconds : function:GET /api/mgr/sq_mgr/  
0118_14:50:09 !! op takes 0.122000217438 seconds : function:GET /api/mgr/sq_mgr/  
0118_14:50:10 !! op takes 0.169999837875 seconds : function:GET /api/mgr/sq_mgr/  
0118_14:50:11 !! op takes 0.202999830246 seconds : function:GET /api/mgr/sq_mgr/  
0118_14:50:12 !! op takes 0.115000009537 seconds : function:GET /api/mgr/sq_mgr/  
0118_14:50:14 !! op takes 0.118999958038 seconds : function:GET /api/mgr/sq_mgr/  
0118_14:50:36 !! op takes 0.122000217438 seconds : function:GET /api/mgr/sq_mgr/  
0118_14:50:36 !! op takes 0.167999982834 seconds : function:GET /api/mgr/sq_mgr/  
0118_14:50:36 !! op takes 0.126000165939 seconds : function:GET /api/mgr/sq_mgr/  
0118_14:50:36 !! op takes 0.157999992371 seconds : function:GET /api/mgr/sq_mgr/  
0118_15:10:59 !! op takes 0.121999979019 seconds : function:GET /api/mgr/sq_mgr/  
0118_15:10:59 !! op takes 0.116000175476 seconds : function:GET /api/mgr/sq_mgr/  
0118_15:11:03 !! op takes 0.118999958038 seconds : function:GET /api/mgr/sq_mgr/  
0118_15:11:03 !! op takes 0.108000040054 seconds : function:GET /api/mgr/sq_mgr/  
0118_15:11:03 !! op takes 0.119999885559 seconds : function:GET /api/mgr/sq_mgr/  
0118_15:11:04 !! op takes 0.125999927521 seconds : function:GET /api/mgr/sq_mgr/  
0118_15:11:04 !! op takes 0.197000026703 seconds : function:GET /api/mgr/sq_mgr/  
0118_15:11:05 !! op takes 0.147000074387 seconds : function:GET /api/mgr/sq_mgr/  
0118_15:11:07 !! op takes 0.148000001907 seconds : function:GET /api/mgr/sq_mgr/  
0118_15:11:07 !! op takes 0.123000144958 seconds : function:GET /api/mgr/sq_mgr/  
0118_15:11:07 !! op takes 0.111999988556 seconds : function:GET /api/mgr/sq_mgr/  
0118_15:23:11 !! op takes 0.112999916077 seconds : function:GET /api/mgr/sq_mgr/  
0118_15:23:14 !! op takes 0.115000009537 seconds : function:GET /api/mgr/sq_mgr/  
0118_15:23:14 !! op takes 0.128999948502 seconds : function:GET /api/mgr/sq_mgr/  
0118_15:23:14 !! op takes 0.117999792099 seconds : function:GET /api/mgr/sq_mgr/  
0118_15:23:24 !! op takes 0.128000020981 seconds : function:GET /api/mgr/sq_mgr/  
0118_15:23:24 !! op takes 0.125999927521 seconds : function:GET /api/mgr/sq_mgr/  
0118_15:23:25 !! op takes 0.114000082016 seconds : function:GET /api/mgr/sq_mgr/  
0118_15:23:42 !! op takes 0.146999835968 seconds : function:PUT /api/mgr/sq_mgr/  
0118_15:23:42 !! op takes 0.121999979019 seconds : function:GET /api/mgr/sq_mgr/  
0118_15:23:49 !! op takes 0.115999937057 seconds : function:GET /api/mgr/sq_mgr/  
0118_15:23:49 !! op takes 0.118999958038 seconds : function:GET /api/mgr/sq_mgr/  
0118_15:23:49 !! op takes 0.125 seconds : function:GET /api/mgr/sq_mgr/  
0118_15:24:22 !! op takes 0.18499994278 seconds : function:PUT /api/mgr/sq_mgr/  
0118_15:24:23 !! op takes 0.113000154495 seconds : function:GET /api/mgr/sq_mgr/  
0118_15:24:56 !! op takes 0.200000047684 seconds : function:PUT /api/mgr/sq_mgr/  
0118_15:24:56 !! op takes 0.121999979019 seconds : function:GET /api/mgr/sq_mgr/  
0118_15:25:13 !! op takes 0.18399977684 seconds : function:PUT /api/mgr/sq_mgr/  
0118_15:25:14 !! op takes 0.129999876022 seconds : function:GET /api/mgr/sq_mgr/  
0118_15:49:02 !! op takes 0.252999782562 seconds : function:GET /api/mgr/sq_mgr/  
0118_15:49:02 !! op takes 0.268999814987 seconds : function:GET /api/mgr/sq_mgr/  
0118_15:49:08 !! op takes 0.150000095367 seconds : function:GET /api/mgr/sq_mgr/  
0118_15:49:08 !! op takes 0.102999925613 seconds : function:GET /api/mgr/sq_mgr/  
0118_15:49:48 !! op takes 0.111999988556 seconds : function:GET /api/mgr/sq_mgr/  
0118_15:49:49 !! op takes 0.167000055313 seconds : function:GET /api/mgr/sq_mgr/  
0118_15:49:51 !! op takes 0.109999895096 seconds : function:GET /api/mgr/sq_mgr/  
0118_15:49:51 !! op takes 0.115000009537 seconds : function:GET /api/mgr/sq_mgr/  
0118_15:49:53 !! op takes 0.142000198364 seconds : function:GET /api/mgr/sq_mgr/  
0118_15:49:53 !! op takes 0.141000032425 seconds : function:GET /api/mgr/sq_mgr/  
0118_15:49:54 !! op takes 0.115000009537 seconds : function:GET /api/mgr/sq_mgr/  
0118_15:49:56 !! op takes 0.118999958038 seconds : function:GET /api/mgr/sq_mgr/  
0118_15:49:56 !! op takes 0.121000051498 seconds : function:GET /api/mgr/sq_mgr/  
0118_15:50:02 !! op takes 0.139000177383 seconds : function:GET /api/mgr/sq_mgr/  
0118_15:50:02 !! op takes 0.123000144958 seconds : function:GET /api/mgr/sq_mgr/  
0118_15:50:29 !! op takes 0.169000148773 seconds : function:POST /api/mgr/sq_mgr/  
0118_15:50:29 !! op takes 0.119999885559 seconds : function:GET /api/mgr/sq_mgr/  
0118_15:50:43 !! op takes 0.163000106812 seconds : function:GET /api/mgr/sq_mgr/  
0118_15:50:43 !! op takes 0.180999994278 seconds : function:GET /api/mgr/sq_mgr/  
0118_15:50:47 !! op takes 0.105999946594 seconds : function:GET /api/mgr/sq_mgr/  
0118_15:50:47 !! op takes 0.111999988556 seconds : function:GET /api/mgr/sq_mgr/  
0118_15:50:56 !! op takes 0.147000074387 seconds : function:PUT /api/mgr/sq_mgr/  
0118_15:50:56 !! op takes 0.111000061035 seconds : function:GET /api/mgr/sq_mgr/  
0118_15:51:09 !! op takes 0.12099981308 seconds : function:GET /api/mgr/sq_mgr/  
0118_15:51:10 !! op takes 0.158999919891 seconds : function:GET /api/mgr/sq_mgr/  
0118_15:51:12 !! op takes 0.102999925613 seconds : function:GET /api/mgr/sq_mgr/  
0118_15:51:30 !! op takes 0.162999868393 seconds : function:POST /api/mgr/sq_mgr/  
0118_15:51:30 !! op takes 0.12099981308 seconds : function:GET /api/mgr/sq_mgr/  
0118_15:51:39 !! op takes 0.123999834061 seconds : function:GET /api/mgr/sq_mgr/  
0118_15:51:39 !! op takes 0.144999980927 seconds : function:GET /api/mgr/sq_mgr/  
0118_15:51:40 !! op takes 0.123000144958 seconds : function:GET /api/mgr/sq_mgr/  
0118_15:51:40 !! op takes 0.124000072479 seconds : function:GET /api/mgr/sq_mgr/  
0118_15:51:40 !! op takes 0.118999958038 seconds : function:GET /api/mgr/sq_mgr/  
0118_15:51:45 !! op takes 0.12900018692 seconds : function:GET /api/mgr/sq_mgr/  
0118_15:51:45 !! op takes 0.111000061035 seconds : function:GET /api/mgr/sq_mgr/  
0118_15:51:46 !! op takes 0.113000154495 seconds : function:GET /api/mgr/sq_mgr/  
0118_15:51:59 !! op takes 0.15299987793 seconds : function:PUT /api/mgr/sq_mgr/  
0118_15:51:59 !! op takes 0.131999969482 seconds : function:GET /api/mgr/sq_mgr/  
0118_15:52:06 !! op takes 0.145999908447 seconds : function:PUT /api/mgr/sq_mgr/  
0118_15:52:07 !! op takes 0.118999958038 seconds : function:GET /api/mgr/sq_mgr/  
0118_15:52:10 !! op takes 0.186000108719 seconds : function:DELETE /api/mgr/sq_mgr/  
0118_15:52:10 !! op takes 0.125 seconds : function:GET /api/mgr/sq_mgr/  
0118_15:52:11 !! op takes 0.108000040054 seconds : function:GET /api/mgr/sq_mgr/  
0118_15:52:11 !! op takes 0.117999792099 seconds : function:GET /api/mgr/sq_mgr/  
0118_15:52:12 !! op takes 0.12299990654 seconds : function:GET /api/mgr/sq_mgr/  
0118_15:52:19 !! op takes 0.129999876022 seconds : function:GET /api/mgr/sq_mgr/  
0118_15:52:19 !! op takes 0.131999969482 seconds : function:GET /api/mgr/sq_mgr/  
0118_15:52:34 !! op takes 0.285000085831 seconds : function:POST /api/mgr/sq_mgr/  
0118_15:52:34 !! op takes 0.121999979019 seconds : function:GET /api/mgr/sq_mgr/  
0118_15:52:45 !! op takes 0.184000015259 seconds : function:PUT /api/mgr/sq_mgr/  
0118_15:52:45 !! op takes 0.131999969482 seconds : function:GET /api/mgr/sq_mgr/  
0118_16:08:24 !! op takes 0.116000175476 seconds : function:GET /api/mgr/sq_mgr/  
0118_16:08:57 !! op takes 0.15700006485 seconds : function:GET /api/mgr/sq_mgr/  
0118_16:08:59 !! op takes 0.111999988556 seconds : function:GET /api/mgr/sq_mgr/  
0118_16:08:59 !! op takes 0.12099981308 seconds : function:GET /api/mgr/sq_mgr/  
0118_16:08:59 !! op takes 0.137000083923 seconds : function:GET /api/mgr/sq_mgr/  
0118_16:52:36 !! op takes 0.268999814987 seconds : function:GET /api/mgr/sq_mgr/  
0118_16:52:36 !! op takes 0.27999997139 seconds : function:GET /api/mgr/sq_mgr/  
0118_16:52:36 !! op takes 0.15499997139 seconds : function:GET /api/mgr/sq_mgr/  
0118_16:54:09 !! op takes 0.216000080109 seconds : function:PUT /api/mgr/sq_mgr/  
0118_16:54:09 !! op takes 0.109999895096 seconds : function:GET /api/mgr/sq_mgr/  
0118_16:55:04 !! op takes 0.118000030518 seconds : function:GET /api/mgr/sq_mgr/  
0118_16:55:05 !! op takes 0.123999834061 seconds : function:GET /api/mgr/sq_mgr/  
0118_16:55:05 !! op takes 0.121999979019 seconds : function:GET /api/mgr/sq_mgr/  
0118_16:55:11 !! op takes 0.164999961853 seconds : function:GET /api/mgr/sq_mgr/  
0118_16:55:11 !! op takes 0.161000013351 seconds : function:GET /api/mgr/sq_mgr/  
0118_16:55:11 !! op takes 0.109000205994 seconds : function:GET /api/mgr/sq_mgr/  
0118_16:55:16 !! op takes 0.12700009346 seconds : function:GET /api/mgr/sq_mgr/  
0118_16:55:16 !! op takes 0.117000102997 seconds : function:GET /api/mgr/sq_mgr/  
0118_16:55:16 !! op takes 0.117000102997 seconds : function:GET /api/mgr/sq_mgr/  
0118_16:55:22 !! op takes 0.120000123978 seconds : function:GET /api/mgr/sq_mgr/  
0118_16:55:22 !! op takes 0.131999969482 seconds : function:GET /api/mgr/sq_mgr/  
0118_16:55:22 !! op takes 0.151000022888 seconds : function:GET /api/mgr/sq_mgr/  
0118_17:10:39 !! op takes 0.322000026703 seconds : function:PUT /api/mgr/sq_mgr/  
0118_17:10:39 !! op takes 0.124000072479 seconds : function:GET /api/mgr/sq_mgr/  
0118_17:45:39 !! op takes 0.331999778748 seconds : function:PUT /api/mgr/sq_mgr/  
0118_17:45:39 !! op takes 0.115000009537 seconds : function:GET /api/mgr/sq_mgr/  
0118_17:50:06 !! op takes 0.198999881744 seconds : function:PUT /api/mgr/sq_mgr/  
0118_17:50:06 !! op takes 0.148999929428 seconds : function:GET /api/mgr/sq_mgr/  
0118_17:50:31 !! op takes 0.200000047684 seconds : function:PUT /api/mgr/sq_mgr/  
0118_17:50:31 !! op takes 0.112999916077 seconds : function:GET /api/mgr/sq_mgr/  
0118_19:01:29 !! op takes 0.315999984741 seconds : function:PUT /api/mgr/sq_mgr/  
0118_19:01:29 !! op takes 0.112999916077 seconds : function:GET /api/mgr/sq_mgr/  
0118_19:25:06 !! op takes 0.302999973297 seconds : function:PUT /api/mgr/sq_mgr/  
0118_19:25:06 !! op takes 0.112999916077 seconds : function:GET /api/mgr/sq_mgr/  
0118_21:22:18 !! op takes 0.279000043869 seconds : function:PUT /api/mgr/sq_mgr/  
0118_21:22:18 !! op takes 0.115999937057 seconds : function:GET /api/mgr/sq_mgr/  
0118_21:22:32 !! op takes 0.121999979019 seconds : function:GET /api/mgr/sq_mgr/  
0118_21:22:32 !! op takes 0.104000091553 seconds : function:GET /api/mgr/sq_mgr/  
0118_21:22:37 !! op takes 0.105999946594 seconds : function:GET /api/mgr/sq_mgr/  
0118_21:22:37 !! op takes 0.123000144958 seconds : function:GET /api/mgr/sq_mgr/  
0118_21:22:37 !! op takes 0.105999946594 seconds : function:GET /api/mgr/sq_mgr/  
0118_21:23:09 !! op takes 0.286000013351 seconds : function:POST /api/mgr/sq_mgr/  
0118_21:23:09 !! op takes 0.112999916077 seconds : function:GET /api/mgr/sq_mgr/  
0119_20:32:30 !! op takes 0.111999988556 seconds : function:GET /api/mgr/sq_mgr/  
0119_20:32:37 !! op takes 0.157999992371 seconds : function:GET /api/mgr/sq_mgr/  
0119_20:32:37 !! op takes 0.161000013351 seconds : function:GET /api/mgr/sq_mgr/  
0119_20:32:37 !! op takes 0.159999847412 seconds : function:GET /api/mgr/sq_mgr/  
0119_20:32:43 !! op takes 0.125 seconds : function:GET /api/mgr/sq_mgr/  
0119_20:32:43 !! op takes 0.135999917984 seconds : function:GET /api/mgr/sq_mgr/  
0119_20:32:43 !! op takes 0.156999826431 seconds : function:GET /api/mgr/sq_mgr/  
0119_20:33:44 !! op takes 0.239000082016 seconds : function:PUT /api/mgr/sq_mgr/  
0119_20:33:44 !! op takes 0.120000123978 seconds : function:GET /api/mgr/sq_mgr/  
0119_20:34:32 !! op takes 0.424000024796 seconds : function:PUT /api/mgr/sq_mgr/  
0119_20:34:33 !! op takes 0.118000030518 seconds : function:GET /api/mgr/sq_mgr/  
0119_20:35:16 !! op takes 0.335999965668 seconds : function:PUT /api/mgr/sq_mgr/  
0119_20:35:16 !! op takes 0.121000051498 seconds : function:GET /api/mgr/sq_mgr/  
0119_20:36:39 !! op takes 0.174000024796 seconds : function:POST /api/mgr/sq_mgr/  
0119_20:36:39 !! op takes 0.114999771118 seconds : function:GET /api/mgr/sq_mgr/  
0119_20:53:10 !! op takes 0.311000108719 seconds : function:POST /api/mgr/sq_mgr/  
0119_20:53:10 !! op takes 0.121000051498 seconds : function:GET /api/mgr/sq_mgr/  
0119_20:58:30 !! op takes 0.356999874115 seconds : function:PUT /api/mgr/sq_mgr/  
0119_20:58:30 !! op takes 0.12299990654 seconds : function:GET /api/mgr/sq_mgr/  
0119_21:00:34 !! op takes 0.118000030518 seconds : function:GET /api/mgr/sq_mgr/  
0119_21:01:12 !! op takes 0.141999959946 seconds : function:GET /api/mgr/sq_mgr/  
0119_21:01:12 !! op takes 0.115999937057 seconds : function:GET /api/mgr/sq_mgr/  
0119_21:01:12 !! op takes 0.121999979019 seconds : function:GET /api/mgr/sq_mgr/  
0119_21:06:00 !! op takes 0.25200009346 seconds : function:GET /api/mgr/sq_mgr/  
0119_21:06:00 !! op takes 0.136999845505 seconds : function:GET /api/mgr/sq_mgr/  
0119_21:06:00 !! op takes 0.12299990654 seconds : function:GET /api/mgr/sq_mgr/  
0119_21:09:41 !! op takes 0.253999948502 seconds : function:GET /api/mgr/sq_mgr/  
0119_21:09:41 !! op takes 0.118000030518 seconds : function:GET /api/mgr/sq_mgr/  
0119_21:09:46 !! op takes 0.118000030518 seconds : function:GET /api/mgr/sq_mgr/  
0119_21:09:46 !! op takes 0.168999910355 seconds : function:GET /api/mgr/sq_mgr/  
0119_21:09:47 !! op takes 0.118999958038 seconds : function:GET /api/mgr/sq_mgr/  
0119_21:10:01 !! op takes 0.171999931335 seconds : function:GET /api/mgr/sq_mgr/  
0119_21:10:01 !! op takes 0.233000040054 seconds : function:GET /api/mgr/sq_mgr/  
0119_21:10:36 !! op takes 0.123999834061 seconds : function:GET /api/mgr/sq_mgr/  
0119_21:10:37 !! op takes 0.164999961853 seconds : function:GET /api/mgr/sq_mgr/  
0119_21:10:38 !! op takes 0.118000030518 seconds : function:GET /api/mgr/sq_mgr/  
0119_21:10:39 !! op takes 0.165999889374 seconds : function:GET /api/mgr/sq_mgr/  
0119_21:10:40 !! op takes 0.155000209808 seconds : function:GET /api/mgr/sq_mgr/  
0119_21:10:41 !! op takes 0.117999792099 seconds : function:GET /api/mgr/sq_mgr/  
0119_21:10:53 !! op takes 0.121000051498 seconds : function:GET /api/mgr/sq_mgr/  
0119_21:11:25 !! op takes 0.134000062943 seconds : function:GET /api/mgr/sq_mgr/  
0119_21:11:56 !! op takes 0.128999948502 seconds : function:GET /api/mgr/sq_mgr/  
0119_21:11:56 !! op takes 0.231000185013 seconds : function:GET /api/mgr/sq_mgr/  
0119_21:11:58 !! op takes 0.157999992371 seconds : function:GET /api/mgr/sq_mgr/  
0119_21:11:58 !! op takes 0.128000020981 seconds : function:GET /api/mgr/sq_mgr/  
0119_21:12:00 !! op takes 0.116000175476 seconds : function:GET /api/mgr/sq_mgr/  
0119_21:12:27 !! op takes 0.12299990654 seconds : function:GET /api/mgr/sq_mgr/  
0119_21:12:27 !! op takes 0.15700006485 seconds : function:GET /api/mgr/sq_mgr/  
0119_21:12:29 !! op takes 0.15499997139 seconds : function:GET /api/mgr/sq_mgr/  
0119_21:12:31 !! op takes 0.127999782562 seconds : function:GET /api/mgr/sq_mgr/  
0119_21:14:01 !! op takes 0.313999891281 seconds : function:GET /api/mgr/sq_mgr/  
0119_21:14:03 !! op takes 0.126999855042 seconds : function:GET /api/mgr/sq_mgr/  
0119_21:14:11 !! op takes 0.125 seconds : function:GET /api/mgr/sq_mgr/  
0119_21:14:15 !! op takes 0.118000030518 seconds : function:GET /api/mgr/sq_mgr/  
0119_21:14:17 !! op takes 0.118000030518 seconds : function:GET /api/mgr/sq_mgr/  
0119_21:14:17 !! op takes 0.12299990654 seconds : function:GET /api/mgr/sq_mgr/  
0119_21:14:18 !! op takes 0.121999979019 seconds : function:GET /api/mgr/sq_mgr/  
0119_21:14:30 !! op takes 0.128999948502 seconds : function:GET /api/mgr/sq_mgr/  
0119_21:14:30 !! op takes 0.134999990463 seconds : function:GET /api/mgr/sq_mgr/  
0119_21:14:30 !! op takes 0.115000009537 seconds : function:GET /api/mgr/sq_mgr/  
0119_21:15:07 !! op takes 0.128000020981 seconds : function:GET /api/mgr/sq_mgr/  
0119_21:15:07 !! op takes 0.117000102997 seconds : function:GET /api/mgr/sq_mgr/  
0119_21:15:07 !! op takes 0.131999969482 seconds : function:GET /api/mgr/sq_mgr/  
0119_21:15:08 !! op takes 0.118999958038 seconds : function:GET /api/mgr/sq_mgr/  
0119_21:15:09 !! op takes 0.182000160217 seconds : function:GET /api/mgr/sq_mgr/  
0119_21:15:10 !! op takes 0.114000082016 seconds : function:GET /api/mgr/sq_mgr/  
0119_21:15:22 !! op takes 0.175999879837 seconds : function:GET /api/mgr/sq_mgr/  
0119_21:15:22 !! op takes 0.18499994278 seconds : function:GET /api/mgr/sq_mgr/  
0119_21:16:01 !! op takes 0.128000020981 seconds : function:GET /api/mgr/sq_mgr/  
0119_21:16:01 !! op takes 0.121999979019 seconds : function:GET /api/mgr/sq_mgr/  
0119_21:16:04 !! op takes 0.133999824524 seconds : function:GET /api/mgr/sq_mgr/  
0119_21:16:06 !! op takes 0.140000104904 seconds : function:GET /api/mgr/sq_mgr/  
0119_21:16:07 !! op takes 0.117999792099 seconds : function:GET /api/mgr/sq_mgr/  
0119_21:16:09 !! op takes 0.115000009537 seconds : function:GET /api/mgr/sq_mgr/  
0119_21:16:13 !! op takes 0.115999937057 seconds : function:GET /api/mgr/sq_mgr/  
0119_21:17:57 !! op takes 0.148000001907 seconds : function:GET /api/mgr/sq_mgr/  
0119_21:18:01 !! op takes 0.113999843597 seconds : function:GET /api/mgr/sq_mgr/  
0119_21:18:01 !! op takes 0.119999885559 seconds : function:GET /api/mgr/sq_mgr/  
0119_21:18:01 !! op takes 0.125 seconds : function:GET /api/mgr/sq_mgr/  
0119_21:18:03 !! op takes 0.114000082016 seconds : function:GET /api/mgr/sq_mgr/  
0119_21:18:03 !! op takes 0.115999937057 seconds : function:GET /api/mgr/sq_mgr/  
0119_21:18:09 !! op takes 0.115999937057 seconds : function:GET /api/mgr/sq_mgr/  
0119_21:18:09 !! op takes 0.119999885559 seconds : function:GET /api/mgr/sq_mgr/  
0119_21:18:09 !! op takes 0.133999824524 seconds : function:GET /api/mgr/sq_mgr/  
0119_21:18:10 !! op takes 0.131000041962 seconds : function:GET /api/mgr/sq_mgr/  
0119_21:18:10 !! op takes 0.15399980545 seconds : function:GET /api/mgr/sq_mgr/  
0119_21:18:32 !! op takes 0.167999982834 seconds : function:GET /api/mgr/sq_mgr/  
0119_21:18:32 !! op takes 0.15700006485 seconds : function:GET /api/mgr/sq_mgr/  
0119_21:18:32 !! op takes 0.154000043869 seconds : function:GET /api/mgr/sq_mgr/  
0119_21:18:56 !! op takes 0.12299990654 seconds : function:GET /api/mgr/sq_mgr/  
0119_21:18:56 !! op takes 0.133999824524 seconds : function:GET /api/mgr/sq_mgr/  
0119_21:20:18 !! op takes 0.117000102997 seconds : function:GET /api/mgr/sq_mgr/  
0119_21:20:20 !! op takes 0.118999958038 seconds : function:GET /api/mgr/sq_mgr/  
0119_21:20:20 !! op takes 0.125 seconds : function:GET /api/mgr/sq_mgr/  
0119_21:43:37 !! op takes 0.550999879837 seconds : function:GET /api/mgr/sq_mgr/  
0119_21:43:39 !! op takes 0.124000072479 seconds : function:GET /api/mgr/sq_mgr/  
0119_21:43:39 !! op takes 0.130000114441 seconds : function:GET /api/mgr/sq_mgr/  
0119_21:44:14 !! op takes 0.139000177383 seconds : function:GET /api/mgr/sq_mgr/  
0119_21:44:14 !! op takes 0.134999990463 seconds : function:GET /api/mgr/sq_mgr/  
0119_21:44:17 !! op takes 0.239000082016 seconds : function:GET /api/mgr/sq_mgr/  
0119_21:45:03 !! op takes 0.130000114441 seconds : function:GET /api/mgr/sq_mgr/  
0119_21:45:03 !! op takes 0.167000055313 seconds : function:GET /api/mgr/sq_mgr/  
0119_21:45:11 !! op takes 0.210000038147 seconds : function:GET /api/mgr/sq_mgr/  
0119_21:49:44 !! op takes 0.127999782562 seconds : function:GET /api/mgr/sq_mgr/  
0119_21:49:44 !! op takes 0.134999990463 seconds : function:GET /api/mgr/sq_mgr/  
0119_21:49:46 !! op takes 0.277000188828 seconds : function:GET /api/mgr/sq_mgr/  
0119_21:50:29 !! op takes 0.294000148773 seconds : function:GET /api/mgr/sq_mgr/  
0119_21:50:30 !! op takes 0.101000070572 seconds : function:GET /api/mgr/sq_mgr/  
0119_21:50:31 !! op takes 0.135999917984 seconds : function:GET /api/mgr/sq_mgr/  
0119_21:50:33 !! op takes 0.104000091553 seconds : function:GET /api/mgr/sq_mgr/  
0119_21:50:36 !! op takes 0.102999925613 seconds : function:GET /api/mgr/sq_mgr/  
0119_21:50:37 !! op takes 0.102999925613 seconds : function:GET /api/mgr/sq_mgr/  
0119_21:50:39 !! op takes 0.137000083923 seconds : function:GET /api/mgr/sq_mgr/  
0119_21:50:43 !! op takes 0.147000074387 seconds : function:GET /api/mgr/sq_mgr/  
0119_21:50:45 !! op takes 0.136000156403 seconds : function:GET /api/mgr/sq_mgr/  
0119_21:50:46 !! op takes 0.103000164032 seconds : function:GET /api/mgr/sq_mgr/  
0119_21:51:01 !! op takes 0.157999992371 seconds : function:GET /api/mgr/sq_mgr/  
0119_21:51:01 !! op takes 0.125 seconds : function:GET /api/mgr/sq_mgr/  
0119_21:51:01 !! op takes 0.120000123978 seconds : function:GET /api/mgr/sq_mgr/  
0119_21:51:02 !! op takes 0.128000020981 seconds : function:GET /api/mgr/sq_mgr/  
0119_21:51:02 !! op takes 0.12700009346 seconds : function:GET /api/mgr/sq_mgr/  
0119_21:51:03 !! op takes 0.154000043869 seconds : function:GET /api/mgr/sq_mgr/  
0119_21:51:03 !! op takes 0.123000144958 seconds : function:GET /api/mgr/sq_mgr/  
0119_21:51:03 !! op takes 0.128000020981 seconds : function:GET /api/mgr/sq_mgr/  
0119_21:53:17 !! op takes 0.12099981308 seconds : function:GET /api/mgr/sq_mgr/  
0119_21:53:17 !! op takes 0.12299990654 seconds : function:GET /api/mgr/sq_mgr/  
0119_21:53:18 !! op takes 0.157999992371 seconds : function:GET /api/mgr/sq_mgr/  
0119_21:53:20 !! op takes 0.121000051498 seconds : function:GET /api/mgr/sq_mgr/  
0119_21:53:20 !! op takes 0.131999969482 seconds : function:GET /api/mgr/sq_mgr/  
0119_21:53:21 !! op takes 0.118000030518 seconds : function:GET /api/mgr/sq_mgr/  
0119_21:53:21 !! op takes 0.117000102997 seconds : function:GET /api/mgr/sq_mgr/  
0119_21:53:21 !! op takes 0.118000030518 seconds : function:GET /api/mgr/sq_mgr/  
0120_09:01:16 !! op takes 0.113999843597 seconds : function:GET /api/mgr/sq_mgr/  
0120_09:01:38 !! op takes 0.143000125885 seconds : function:GET /api/mgr/sq_mgr/  
0120_09:01:38 !! op takes 0.115000009537 seconds : function:GET /api/mgr/sq_mgr/  
0120_09:01:38 !! op takes 0.130999803543 seconds : function:GET /api/mgr/sq_mgr/  
0120_09:02:53 !! op takes 0.130999803543 seconds : function:GET /api/mgr/sq_mgr/  
0120_09:02:54 !! op takes 0.108000040054 seconds : function:GET /api/mgr/sq_mgr/  
0120_09:02:54 !! op takes 0.131000041962 seconds : function:GET /api/mgr/sq_mgr/  
0120_09:02:54 !! op takes 0.118999958038 seconds : function:GET /api/mgr/sq_mgr/  
0120_09:04:28 !! op takes 0.125 seconds : function:GET /api/mgr/sq_mgr/  
0120_09:04:29 !! op takes 0.154000043869 seconds : function:GET /api/mgr/sq_mgr/  
0120_09:04:29 !! op takes 0.118999958038 seconds : function:GET /api/mgr/sq_mgr/  
0120_09:04:29 !! op takes 0.125 seconds : function:GET /api/mgr/sq_mgr/  
0120_09:06:15 !! op takes 0.116999864578 seconds : function:GET /api/mgr/sq_mgr/  
0120_09:06:18 !! op takes 0.115999937057 seconds : function:GET /api/mgr/sq_mgr/  
0120_09:06:18 !! op takes 0.121000051498 seconds : function:GET /api/mgr/sq_mgr/  
0120_09:06:18 !! op takes 0.128999948502 seconds : function:GET /api/mgr/sq_mgr/  
0120_09:06:21 !! op takes 0.131999969482 seconds : function:GET /api/mgr/sq_mgr/  
0120_09:06:21 !! op takes 0.119999885559 seconds : function:GET /api/mgr/sq_mgr/  
0120_09:06:21 !! op takes 0.158999919891 seconds : function:GET /api/mgr/sq_mgr/  
0120_09:06:24 !! op takes 0.220999956131 seconds : function:GET /api/mgr/sq_mgr/  
0120_09:06:45 !! op takes 0.230999946594 seconds : function:GET /api/mgr/sq_mgr/  
0120_09:08:55 !! op takes 0.103000164032 seconds : function:GET /api/mgr/sq_mgr/  
0120_09:08:55 !! op takes 0.105000019073 seconds : function:GET /api/mgr/sq_mgr/  
0120_09:08:55 !! op takes 0.121000051498 seconds : function:GET /api/mgr/sq_mgr/  
0120_09:08:55 !! op takes 0.149999856949 seconds : function:GET /api/mgr/sq_mgr/  
0120_09:09:08 !! op takes 0.120000123978 seconds : function:GET /api/mgr/sq_mgr/  
0120_09:09:09 !! op takes 0.118000030518 seconds : function:GET /api/mgr/sq_mgr/  
0120_09:09:09 !! op takes 0.112999916077 seconds : function:GET /api/mgr/sq_mgr/  
0120_09:09:10 !! op takes 0.115000009537 seconds : function:GET /api/mgr/sq_mgr/  
0120_09:09:10 !! op takes 0.15499997139 seconds : function:GET /api/mgr/sq_mgr/  
0120_09:09:13 !! op takes 0.101999998093 seconds : function:GET /api/mgr/sq_mgr/  
0120_09:09:44 !! op takes 0.233000040054 seconds : function:GET /api/mgr/sq_mgr/  
0120_09:16:34 !! op takes 0.223000049591 seconds : function:GET /api/mgr/sq_mgr/  
0120_09:16:36 !! op takes 0.120000123978 seconds : function:GET /api/mgr/sq_mgr/  
0120_09:16:39 !! op takes 0.115000009537 seconds : function:GET /api/mgr/sq_mgr/  
0120_09:21:13 !! op takes 0.138999938965 seconds : function:GET /api/mgr/sq_mgr/  
0120_09:21:13 !! op takes 0.147000074387 seconds : function:GET /api/mgr/sq_mgr/  
0120_09:21:13 !! op takes 0.123000144958 seconds : function:GET /api/mgr/sq_mgr/  
0120_09:21:13 !! op takes 0.128999948502 seconds : function:GET /api/mgr/sq_mgr/  
0120_09:21:19 !! op takes 0.233999967575 seconds : function:GET /api/mgr/sq_mgr/  
0120_09:23:06 !! op takes 0.118999958038 seconds : function:GET /api/mgr/sq_mgr/  
0120_09:23:06 !! op takes 0.217000007629 seconds : function:GET /api/mgr/sq_mgr/  
0120_09:23:06 !! op takes 0.115999937057 seconds : function:GET /api/mgr/sq_mgr/  
0120_09:23:06 !! op takes 0.120000123978 seconds : function:GET /api/mgr/sq_mgr/  
0120_09:23:11 !! op takes 0.102999925613 seconds : function:GET /api/mgr/sq_mgr/  
0120_09:23:15 !! op takes 0.152000188828 seconds : function:GET /api/mgr/sq_mgr/  
0120_09:23:19 !! op takes 0.118000030518 seconds : function:GET /api/mgr/sq_mgr/  
0120_09:23:19 !! op takes 0.125999927521 seconds : function:GET /api/mgr/sq_mgr/  
0120_09:23:19 !! op takes 0.269999980927 seconds : function:GET /api/mgr/sq_mgr/  
0120_09:23:20 !! op takes 0.119999885559 seconds : function:GET /api/mgr/sq_mgr/  
0120_09:23:24 !! op takes 0.111000061035 seconds : function:GET /api/mgr/sq_mgr/  
0120_09:23:25 !! op takes 0.120000123978 seconds : function:GET /api/mgr/sq_mgr/  
0120_09:23:27 !! op takes 0.103999853134 seconds : function:GET /api/mgr/sq_mgr/  
0120_09:23:46 !! op takes 0.113000154495 seconds : function:GET /api/mgr/sq_mgr/  
0120_09:23:46 !! op takes 0.262000083923 seconds : function:GET /api/mgr/sq_mgr/  
0120_09:23:46 !! op takes 0.128000020981 seconds : function:GET /api/mgr/sq_mgr/  
0120_09:23:46 !! op takes 0.119999885559 seconds : function:GET /api/mgr/sq_mgr/  
0120_09:23:51 !! op takes 0.119999885559 seconds : function:GET /api/mgr/sq_mgr/  
0120_09:23:53 !! op takes 0.105000019073 seconds : function:GET /api/mgr/sq_mgr/  
0120_09:24:28 !! op takes 0.121000051498 seconds : function:GET /api/mgr/sq_mgr/  
0120_09:24:50 !! op takes 0.121999979019 seconds : function:GET /api/mgr/sq_mgr/  
0120_09:24:50 !! op takes 0.156000137329 seconds : function:GET /api/mgr/sq_mgr/  
0120_09:24:50 !! op takes 0.140000104904 seconds : function:GET /api/mgr/sq_mgr/  
0120_09:24:50 !! op takes 0.118000030518 seconds : function:GET /api/mgr/sq_mgr/  
0120_09:24:51 !! op takes 0.104000091553 seconds : function:GET /api/mgr/sq_mgr/  
0120_09:24:55 !! op takes 0.103000164032 seconds : function:GET /api/mgr/sq_mgr/  
0120_09:24:55 !! op takes 0.117000102997 seconds : function:GET /api/mgr/sq_mgr/  
0120_09:24:55 !! op takes 0.155999898911 seconds : function:GET /api/mgr/sq_mgr/  
0120_09:24:55 !! op takes 0.158999919891 seconds : function:GET /api/mgr/sq_mgr/  
0120_09:24:56 !! op takes 0.134999990463 seconds : function:GET /api/mgr/sq_mgr/  
0120_09:24:59 !! op takes 0.147000074387 seconds : function:GET /api/mgr/sq_mgr/  
0120_09:24:59 !! op takes 0.115999937057 seconds : function:GET /api/mgr/sq_mgr/  
0120_09:24:59 !! op takes 0.123000144958 seconds : function:GET /api/mgr/sq_mgr/  
0120_09:25:00 !! op takes 0.212000131607 seconds : function:GET /api/mgr/sq_mgr/  
0120_09:25:02 !! op takes 0.112999916077 seconds : function:GET /api/mgr/sq_mgr/  
0120_09:25:51 !! op takes 0.103000164032 seconds : function:GET /api/mgr/sq_mgr/  
0120_09:25:51 !! op takes 0.116999864578 seconds : function:GET /api/mgr/sq_mgr/  
0120_09:25:51 !! op takes 0.12700009346 seconds : function:GET /api/mgr/sq_mgr/  
0120_09:25:51 !! op takes 0.113999843597 seconds : function:GET /api/mgr/sq_mgr/  
0120_09:25:54 !! op takes 0.118000030518 seconds : function:GET /api/mgr/sq_mgr/  
0120_09:25:55 !! op takes 0.101999998093 seconds : function:GET /api/mgr/sq_mgr/  
0120_09:27:59 !! op takes 0.102999925613 seconds : function:GET /api/mgr/sq_mgr/  
0120_09:27:59 !! op takes 0.15399980545 seconds : function:GET /api/mgr/sq_mgr/  
0120_09:27:59 !! op takes 0.118000030518 seconds : function:GET /api/mgr/sq_mgr/  
0120_09:27:59 !! op takes 0.165000200272 seconds : function:GET /api/mgr/sq_mgr/  
0120_09:33:44 !! op takes 0.390000104904 seconds : function:GET /api/mgr/sq_mgr/  
0120_09:33:45 !! op takes 0.101000070572 seconds : function:GET /api/mgr/sq_mgr/  
0120_09:35:04 !! op takes 0.121000051498 seconds : function:GET /api/mgr/sq_mgr/  
0120_09:35:07 !! op takes 0.151999950409 seconds : function:GET /api/mgr/sq_mgr/  
0120_09:35:07 !! op takes 0.111999988556 seconds : function:GET /api/mgr/sq_mgr/  
0120_09:35:07 !! op takes 0.117000102997 seconds : function:GET /api/mgr/sq_mgr/  
0120_09:35:11 !! op takes 0.105000019073 seconds : function:GET /api/mgr/sq_mgr/  
0120_09:35:13 !! op takes 0.115999937057 seconds : function:GET /api/mgr/sq_mgr/  
0120_09:37:51 !! op takes 0.117000102997 seconds : function:GET /api/mgr/sq_mgr/  
0120_09:37:51 !! op takes 0.118999958038 seconds : function:GET /api/mgr/sq_mgr/  
0120_09:37:51 !! op takes 0.121999979019 seconds : function:GET /api/mgr/sq_mgr/  
0120_09:37:51 !! op takes 0.124000072479 seconds : function:GET /api/mgr/sq_mgr/  
0120_09:38:02 !! op takes 0.116000175476 seconds : function:GET /api/mgr/sq_mgr/  
0120_09:38:03 !! op takes 0.118000030518 seconds : function:GET /api/mgr/sq_mgr/  
0120_09:38:05 !! op takes 0.107000112534 seconds : function:GET /api/mgr/sq_mgr/  
0120_09:38:07 !! op takes 0.151000022888 seconds : function:GET /api/mgr/sq_mgr/  
0120_09:38:10 !! op takes 0.103000164032 seconds : function:GET /api/mgr/sq_mgr/  
0120_09:38:10 !! op takes 0.161000013351 seconds : function:GET /api/mgr/sq_mgr/  
0120_09:38:11 !! op takes 0.110000133514 seconds : function:GET /api/mgr/sq_mgr/  
0120_09:38:11 !! op takes 0.105000019073 seconds : function:GET /api/mgr/sq_mgr/  
0120_09:38:11 !! op takes 0.118000030518 seconds : function:GET /api/mgr/sq_mgr/  
0120_09:38:13 !! op takes 0.132999897003 seconds : function:GET /api/mgr/sq_mgr/  
0120_09:38:37 !! op takes 0.104999780655 seconds : function:GET /api/mgr/sq_mgr/  
0120_09:38:37 !! op takes 0.115999937057 seconds : function:GET /api/mgr/sq_mgr/  
0120_09:38:37 !! op takes 0.117000102997 seconds : function:GET /api/mgr/sq_mgr/  
0120_09:38:37 !! op takes 0.144000053406 seconds : function:GET /api/mgr/sq_mgr/  
0120_09:38:40 !! op takes 0.105000019073 seconds : function:GET /api/mgr/sq_mgr/  
0120_09:38:45 !! op takes 0.103000164032 seconds : function:GET /api/mgr/sq_mgr/  
0120_09:38:47 !! op takes 0.103999853134 seconds : function:GET /api/mgr/sq_mgr/  
0120_09:38:47 !! op takes 0.101000070572 seconds : function:GET /api/mgr/sq_mgr/  
0120_09:38:53 !! op takes 0.121999979019 seconds : function:GET /api/mgr/sq_mgr/  
0120_09:45:53 !! op takes 0.125 seconds : function:GET /api/mgr/sq_mgr/  
0120_09:45:53 !! op takes 0.155999898911 seconds : function:GET /api/mgr/sq_mgr/  
0120_09:45:53 !! op takes 0.116000175476 seconds : function:GET /api/mgr/sq_mgr/  
0120_09:45:53 !! op takes 0.118999958038 seconds : function:GET /api/mgr/sq_mgr/  
0120_09:45:58 !! op takes 0.102999925613 seconds : function:GET /api/mgr/sq_mgr/  
0120_09:46:01 !! op takes 0.104000091553 seconds : function:GET /api/mgr/sq_mgr/  
0120_09:46:16 !! op takes 0.118999958038 seconds : function:GET /api/mgr/sq_mgr/  
0120_09:46:18 !! op takes 0.104000091553 seconds : function:GET /api/mgr/sq_mgr/  
0120_09:47:01 !! op takes 0.105000019073 seconds : function:GET /api/mgr/sq_mgr/  
0120_09:47:01 !! op takes 0.121000051498 seconds : function:GET /api/mgr/sq_mgr/  
0120_09:47:01 !! op takes 0.120000123978 seconds : function:GET /api/mgr/sq_mgr/  
0120_09:47:01 !! op takes 0.135999917984 seconds : function:GET /api/mgr/sq_mgr/  
0120_09:47:04 !! op takes 0.115999937057 seconds : function:GET /api/mgr/sq_mgr/  
0120_09:47:09 !! op takes 0.12299990654 seconds : function:GET /api/mgr/sq_mgr/  
0120_09:47:09 !! op takes 0.134000062943 seconds : function:GET /api/mgr/sq_mgr/  
0120_09:47:09 !! op takes 0.151000022888 seconds : function:GET /api/mgr/sq_mgr/  
0120_09:47:10 !! op takes 0.156000137329 seconds : function:GET /api/mgr/sq_mgr/  
0120_09:47:10 !! op takes 0.134999990463 seconds : function:GET /api/mgr/sq_mgr/  
0120_09:47:12 !! op takes 0.105999946594 seconds : function:GET /api/mgr/sq_mgr/  
0120_09:47:47 !! op takes 0.15099978447 seconds : function:GET /api/mgr/sq_mgr/  
0120_09:47:47 !! op takes 0.115999937057 seconds : function:GET /api/mgr/sq_mgr/  
0120_09:47:47 !! op takes 0.119000196457 seconds : function:GET /api/mgr/sq_mgr/  
0120_09:48:06 !! op takes 0.113000154495 seconds : function:GET /api/mgr/sq_mgr/  
0120_09:48:06 !! op takes 0.115999937057 seconds : function:GET /api/mgr/sq_mgr/  
0120_09:48:06 !! op takes 0.12299990654 seconds : function:GET /api/mgr/sq_mgr/  
0120_09:48:33 !! op takes 0.115000009537 seconds : function:GET /api/mgr/sq_mgr/  
0120_09:48:33 !! op takes 0.123000144958 seconds : function:GET /api/mgr/sq_mgr/  
0120_09:48:33 !! op takes 0.125999927521 seconds : function:GET /api/mgr/sq_mgr/  
0120_09:49:50 !! op takes 0.116999864578 seconds : function:GET /api/mgr/sq_mgr/  
0120_09:49:51 !! op takes 0.121999979019 seconds : function:GET /api/mgr/sq_mgr/  
0120_09:49:51 !! op takes 0.130000114441 seconds : function:GET /api/mgr/sq_mgr/  
0120_09:50:36 !! op takes 0.153000116348 seconds : function:GET /api/mgr/sq_mgr/  
0120_09:50:36 !! op takes 0.125 seconds : function:GET /api/mgr/sq_mgr/  
0120_09:50:36 !! op takes 0.12700009346 seconds : function:GET /api/mgr/sq_mgr/  
0120_09:54:28 !! op takes 0.153000116348 seconds : function:GET /api/mgr/sq_mgr/  
0120_09:54:29 !! op takes 0.15700006485 seconds : function:GET /api/mgr/sq_mgr/  
0120_09:54:29 !! op takes 0.123000144958 seconds : function:GET /api/mgr/sq_mgr/  
0120_09:55:07 !! op takes 0.105000019073 seconds : function:GET /api/mgr/sq_mgr/  
0120_09:55:07 !! op takes 0.121999979019 seconds : function:GET /api/mgr/sq_mgr/  
0120_09:55:07 !! op takes 0.123000144958 seconds : function:GET /api/mgr/sq_mgr/  
0120_09:55:07 !! op takes 0.121000051498 seconds : function:GET /api/mgr/sq_mgr/  
0120_09:55:09 !! op takes 0.118000030518 seconds : function:GET /api/mgr/sq_mgr/  
0120_09:55:11 !! op takes 0.104000091553 seconds : function:GET /api/mgr/sq_mgr/  
0120_09:55:14 !! op takes 0.102999925613 seconds : function:GET /api/mgr/sq_mgr/  
0120_09:55:15 !! op takes 0.110999822617 seconds : function:GET /api/mgr/sq_mgr/  
0120_09:55:16 !! op takes 0.120000123978 seconds : function:GET /api/mgr/sq_mgr/  
0120_09:57:49 !! op takes 0.12299990654 seconds : function:GET /api/mgr/sq_mgr/  
0120_09:57:49 !! op takes 0.128000020981 seconds : function:GET /api/mgr/sq_mgr/  
0120_09:57:49 !! op takes 0.120000123978 seconds : function:GET /api/mgr/sq_mgr/  
0120_09:57:49 !! op takes 0.125 seconds : function:GET /api/mgr/sq_mgr/  
0120_09:57:53 !! op takes 0.136000156403 seconds : function:GET /api/mgr/sq_mgr/  
0120_09:57:55 !! op takes 0.115999937057 seconds : function:GET /api/mgr/sq_mgr/  
0120_09:57:59 !! op takes 0.101999998093 seconds : function:GET /api/mgr/sq_mgr/  
0120_09:58:00 !! op takes 0.118000030518 seconds : function:GET /api/mgr/sq_mgr/  
0120_09:58:02 !! op takes 0.102999925613 seconds : function:GET /api/mgr/sq_mgr/  
0120_09:58:03 !! op takes 0.101999998093 seconds : function:GET /api/mgr/sq_mgr/  
0120_09:58:23 !! op takes 0.101999998093 seconds : function:GET /api/mgr/sq_mgr/  
0120_09:58:23 !! op takes 0.116999864578 seconds : function:GET /api/mgr/sq_mgr/  
0120_09:58:23 !! op takes 0.121000051498 seconds : function:GET /api/mgr/sq_mgr/  
0120_09:58:23 !! op takes 0.131999969482 seconds : function:GET /api/mgr/sq_mgr/  
0120_09:58:25 !! op takes 0.107000112534 seconds : function:GET /api/mgr/sq_mgr/  
0120_09:58:27 !! op takes 0.115000009537 seconds : function:GET /api/mgr/sq_mgr/  
0120_09:58:43 !! op takes 0.117000102997 seconds : function:GET /api/mgr/sq_mgr/  
0120_09:58:44 !! op takes 0.104000091553 seconds : function:GET /api/mgr/sq_mgr/  
0120_10:00:14 !! op takes 0.109999895096 seconds : function:GET /api/mgr/sq_mgr/  
0120_10:00:14 !! op takes 0.117000102997 seconds : function:GET /api/mgr/sq_mgr/  
0120_10:00:14 !! op takes 0.118000030518 seconds : function:GET /api/mgr/sq_mgr/  
0120_10:00:15 !! op takes 0.119999885559 seconds : function:GET /api/mgr/sq_mgr/  
0120_10:00:21 !! op takes 0.125 seconds : function:GET /api/mgr/sq_mgr/  
0120_10:00:21 !! op takes 0.118000030518 seconds : function:GET /api/mgr/sq_mgr/  
0120_10:00:24 !! op takes 0.104000091553 seconds : function:GET /api/mgr/sq_mgr/  
0120_10:00:24 !! op takes 0.124000072479 seconds : function:GET /api/mgr/sq_mgr/  
0120_10:00:25 !! op takes 0.101999998093 seconds : function:GET /api/mgr/sq_mgr/  
0120_10:00:26 !! op takes 0.101000070572 seconds : function:GET /api/mgr/sq_mgr/  
0120_10:01:53 !! op takes 0.105999946594 seconds : function:GET /api/mgr/sq_mgr/  
0120_10:01:53 !! op takes 0.123999834061 seconds : function:GET /api/mgr/sq_mgr/  
0120_10:01:53 !! op takes 0.132999897003 seconds : function:GET /api/mgr/sq_mgr/  
0120_10:01:53 !! op takes 0.12099981308 seconds : function:GET /api/mgr/sq_mgr/  
0120_10:01:57 !! op takes 0.102999925613 seconds : function:GET /api/mgr/sq_mgr/  
0120_10:01:58 !! op takes 0.115999937057 seconds : function:GET /api/mgr/sq_mgr/  
0120_10:01:58 !! op takes 0.105000019073 seconds : function:GET /api/mgr/sq_mgr/  
0120_10:01:59 !! op takes 0.111000061035 seconds : function:GET /api/mgr/sq_mgr/  
0120_10:01:59 !! op takes 0.116999864578 seconds : function:GET /api/mgr/sq_mgr/  
0120_10:02:01 !! op takes 0.137000083923 seconds : function:GET /api/mgr/sq_mgr/  
0120_10:02:02 !! op takes 0.101999998093 seconds : function:GET /api/mgr/sq_mgr/  
0120_10:02:03 !! op takes 0.105999946594 seconds : function:GET /api/mgr/sq_mgr/  
0120_10:02:08 !! op takes 0.108000040054 seconds : function:GET /api/mgr/sq_mgr/  
0120_10:02:08 !! op takes 0.121000051498 seconds : function:GET /api/mgr/sq_mgr/  
0120_10:02:09 !! op takes 0.105000019073 seconds : function:GET /api/mgr/sq_mgr/  
0120_10:02:09 !! op takes 0.105000019073 seconds : function:GET /api/mgr/sq_mgr/  
0120_10:02:09 !! op takes 0.144000053406 seconds : function:GET /api/mgr/sq_mgr/  
0120_10:02:09 !! op takes 0.115000009537 seconds : function:GET /api/mgr/sq_mgr/  
0120_10:02:11 !! op takes 0.102999925613 seconds : function:GET /api/mgr/sq_mgr/  
0120_10:02:14 !! op takes 0.103999853134 seconds : function:GET /api/mgr/sq_mgr/  
0120_10:02:15 !! op takes 0.102999925613 seconds : function:GET /api/mgr/sq_mgr/  
0120_10:02:16 !! op takes 0.105000019073 seconds : function:GET /api/mgr/sq_mgr/  
0120_10:02:18 !! op takes 0.103999853134 seconds : function:GET /api/mgr/sq_mgr/  
0120_10:02:18 !! op takes 0.104000091553 seconds : function:GET /api/mgr/sq_mgr/  
0120_10:02:19 !! op takes 0.102999925613 seconds : function:GET /api/mgr/sq_mgr/  
0120_10:02:47 !! op takes 0.115999937057 seconds : function:GET /api/mgr/sq_mgr/  
0120_10:02:47 !! op takes 0.125 seconds : function:GET /api/mgr/sq_mgr/  
0120_10:03:14 !! op takes 0.118000030518 seconds : function:GET /api/mgr/sq_mgr/  
0120_10:03:14 !! op takes 0.125999927521 seconds : function:GET /api/mgr/sq_mgr/  
0120_10:03:18 !! op takes 0.115000009537 seconds : function:GET /api/mgr/sq_mgr/  
0120_10:03:18 !! op takes 0.123000144958 seconds : function:GET /api/mgr/sq_mgr/  
0120_10:03:19 !! op takes 0.121999979019 seconds : function:GET /api/mgr/sq_mgr/  
0120_10:03:19 !! op takes 0.115000009537 seconds : function:GET /api/mgr/sq_mgr/  
0120_10:03:19 !! op takes 0.154000043869 seconds : function:GET /api/mgr/sq_mgr/  
0120_10:03:19 !! op takes 0.125 seconds : function:GET /api/mgr/sq_mgr/  
0120_10:03:21 !! op takes 0.115000009537 seconds : function:GET /api/mgr/sq_mgr/  
0120_10:03:42 !! op takes 0.137000083923 seconds : function:GET /api/mgr/sq_mgr/  
0120_10:03:42 !! op takes 0.154000043869 seconds : function:GET /api/mgr/sq_mgr/  
0120_10:03:42 !! op takes 0.15700006485 seconds : function:GET /api/mgr/sq_mgr/  
0120_10:03:42 !! op takes 0.125 seconds : function:GET /api/mgr/sq_mgr/  
0120_10:04:06 !! op takes 0.369000196457 seconds : function:GET /api/mgr/sq_mgr/  
0120_10:04:20 !! op takes 0.117000102997 seconds : function:GET /api/mgr/sq_mgr/  
0120_10:04:31 !! op takes 0.125 seconds : function:GET /api/mgr/sq_mgr/  
0120_10:04:31 !! op takes 0.146000146866 seconds : function:GET /api/mgr/sq_mgr/  
0120_10:04:32 !! op takes 0.120000123978 seconds : function:GET /api/mgr/sq_mgr/  
0120_10:04:32 !! op takes 0.115999937057 seconds : function:GET /api/mgr/sq_mgr/  
0120_10:04:32 !! op takes 0.117000102997 seconds : function:GET /api/mgr/sq_mgr/  
0120_10:04:35 !! op takes 0.112999916077 seconds : function:GET /api/mgr/sq_mgr/  
0120_10:04:56 !! op takes 0.116999864578 seconds : function:GET /api/mgr/sq_mgr/  
0120_10:06:52 !! op takes 0.125 seconds : function:GET /api/mgr/sq_mgr/  
0120_10:06:52 !! op takes 0.131999969482 seconds : function:GET /api/mgr/sq_mgr/  
0120_10:06:53 !! op takes 0.149000167847 seconds : function:GET /api/mgr/sq_mgr/  
0120_10:06:53 !! op takes 0.118000030518 seconds : function:GET /api/mgr/sq_mgr/  
0120_10:06:53 !! op takes 0.118999958038 seconds : function:GET /api/mgr/sq_mgr/  
0120_10:06:55 !! op takes 0.109999895096 seconds : function:GET /api/mgr/sq_mgr/  
0120_10:06:56 !! op takes 0.105000019073 seconds : function:GET /api/mgr/sq_mgr/  
0120_10:08:04 !! op takes 0.100999832153 seconds : function:GET /api/mgr/sq_mgr/  
0120_10:08:04 !! op takes 0.115999937057 seconds : function:GET /api/mgr/sq_mgr/  
0120_10:08:04 !! op takes 0.116999864578 seconds : function:GET /api/mgr/sq_mgr/  
0120_10:08:05 !! op takes 0.118999958038 seconds : function:GET /api/mgr/sq_mgr/  
0120_10:08:08 !! op takes 0.111999988556 seconds : function:GET /api/mgr/sq_mgr/  
0120_10:08:08 !! op takes 0.118000030518 seconds : function:GET /api/mgr/sq_mgr/  
0120_10:08:10 !! op takes 0.113000154495 seconds : function:GET /api/mgr/sq_mgr/  
0120_10:08:12 !! op takes 0.135999917984 seconds : function:GET /api/mgr/sq_mgr/  
0120_10:08:12 !! op takes 0.103000164032 seconds : function:GET /api/mgr/sq_mgr/  
0120_10:09:40 !! op takes 0.117000102997 seconds : function:GET /api/mgr/sq_mgr/  
0120_10:09:40 !! op takes 0.115999937057 seconds : function:GET /api/mgr/sq_mgr/  
0120_10:09:41 !! op takes 0.111999988556 seconds : function:GET /api/mgr/sq_mgr/  
0120_10:09:41 !! op takes 0.112999916077 seconds : function:GET /api/mgr/sq_mgr/  
0120_10:09:41 !! op takes 0.160000085831 seconds : function:GET /api/mgr/sq_mgr/  
0120_10:09:43 !! op takes 0.135999917984 seconds : function:GET /api/mgr/sq_mgr/  
0120_10:11:33 !! op takes 0.101999998093 seconds : function:GET /api/mgr/sq_mgr/  
0120_10:11:33 !! op takes 0.118999958038 seconds : function:GET /api/mgr/sq_mgr/  
0120_10:11:33 !! op takes 0.116999864578 seconds : function:GET /api/mgr/sq_mgr/  
0120_10:11:33 !! op takes 0.121999979019 seconds : function:GET /api/mgr/sq_mgr/  
0120_10:11:35 !! op takes 0.118999958038 seconds : function:GET /api/mgr/sq_mgr/  
0120_10:11:40 !! op takes 0.102999925613 seconds : function:GET /api/mgr/sq_mgr/  
0120_10:11:42 !! op takes 0.109999895096 seconds : function:GET /api/mgr/sq_mgr/  
0120_10:11:42 !! op takes 0.137000083923 seconds : function:GET /api/mgr/sq_mgr/  
0120_10:11:43 !! op takes 0.105999946594 seconds : function:GET /api/mgr/sq_mgr/  
0120_10:11:44 !! op takes 0.118000030518 seconds : function:GET /api/mgr/sq_mgr/  
0120_10:12:06 !! op takes 0.115000009537 seconds : function:GET /api/mgr/sq_mgr/  
0120_10:12:06 !! op takes 0.12099981308 seconds : function:GET /api/mgr/sq_mgr/  
0120_10:12:06 !! op takes 0.116999864578 seconds : function:GET /api/mgr/sq_mgr/  
0120_10:12:06 !! op takes 0.134000062943 seconds : function:GET /api/mgr/sq_mgr/  
0120_10:12:13 !! op takes 0.137000083923 seconds : function:GET /api/mgr/sq_mgr/  
0120_10:12:14 !! op takes 0.104000091553 seconds : function:GET /api/mgr/sq_mgr/  
0120_10:12:15 !! op takes 0.118999958038 seconds : function:GET /api/mgr/sq_mgr/  
0120_10:13:22 !! op takes 0.125 seconds : function:GET /api/mgr/sq_mgr/  
0120_10:13:22 !! op takes 0.119999885559 seconds : function:GET /api/mgr/sq_mgr/  
0120_10:13:22 !! op takes 0.120000123978 seconds : function:GET /api/mgr/sq_mgr/  
0120_10:13:23 !! op takes 0.151999950409 seconds : function:GET /api/mgr/sq_mgr/  
0120_10:13:23 !! op takes 0.119999885559 seconds : function:GET /api/mgr/sq_mgr/  
0120_10:15:44 !! op takes 0.118000030518 seconds : function:GET /api/mgr/sq_mgr/  
0120_10:15:44 !! op takes 0.115000009537 seconds : function:GET /api/mgr/sq_mgr/  
0120_10:15:44 !! op takes 0.117000102997 seconds : function:GET /api/mgr/sq_mgr/  
0120_10:15:45 !! op takes 0.117000102997 seconds : function:GET /api/mgr/sq_mgr/  
0120_10:15:47 !! op takes 0.108999967575 seconds : function:GET /api/mgr/sq_mgr/  
0120_10:15:48 !! op takes 0.126000165939 seconds : function:GET /api/mgr/sq_mgr/  
0120_10:15:49 !! op takes 0.104999780655 seconds : function:GET /api/mgr/sq_mgr/  
0120_10:15:51 !! op takes 0.105000019073 seconds : function:GET /api/mgr/sq_mgr/  
0120_10:15:52 !! op takes 0.102999925613 seconds : function:GET /api/mgr/sq_mgr/  
0120_10:15:53 !! op takes 0.116000175476 seconds : function:GET /api/mgr/sq_mgr/  
0120_10:15:55 !! op takes 0.134999990463 seconds : function:GET /api/mgr/sq_mgr/  
0120_10:15:56 !! op takes 0.135999917984 seconds : function:GET /api/mgr/sq_mgr/  
0120_10:15:56 !! op takes 0.106999874115 seconds : function:GET /api/mgr/sq_mgr/  
0120_10:15:57 !! op takes 0.102999925613 seconds : function:GET /api/mgr/sq_mgr/  
0120_10:15:57 !! op takes 0.103999853134 seconds : function:GET /api/mgr/sq_mgr/  
0120_10:15:59 !! op takes 0.121000051498 seconds : function:GET /api/mgr/sq_mgr/  
0120_10:16:01 !! op takes 0.125 seconds : function:GET /api/mgr/sq_mgr/  
0121_10:28:21 !! op takes 0.121999979019 seconds : function:GET /api/mgr/sq_mgr/  
0121_10:28:32 !! op takes 0.128999948502 seconds : function:GET /api/mgr/sq_mgr/  
0121_10:28:33 !! op takes 0.185000181198 seconds : function:GET /api/mgr/sq_mgr/  
0121_10:28:33 !! op takes 0.164000034332 seconds : function:GET /api/mgr/sq_mgr/  
0121_10:28:34 !! op takes 0.121000051498 seconds : function:GET /api/mgr/sq_mgr/  
0121_10:28:42 !! op takes 0.113000154495 seconds : function:GET /api/mgr/sq_mgr/  
0121_10:28:42 !! op takes 0.108000040054 seconds : function:GET /api/mgr/sq_mgr/  
0121_10:28:42 !! op takes 0.165000200272 seconds : function:GET /api/mgr/sq_mgr/  
0121_10:28:47 !! op takes 0.113999843597 seconds : function:GET /api/mgr/sq_mgr/  
0121_10:28:48 !! op takes 0.167999982834 seconds : function:GET /api/mgr/sq_mgr/  
0121_10:28:48 !! op takes 0.164999961853 seconds : function:GET /api/mgr/sq_mgr/  
0121_10:28:50 !! op takes 0.115000009537 seconds : function:GET /api/mgr/sq_mgr/  
0121_10:28:50 !! op takes 0.167999982834 seconds : function:GET /api/mgr/sq_mgr/  
0121_10:28:52 !! op takes 0.111999988556 seconds : function:GET /api/mgr/sq_mgr/  
0121_10:28:52 !! op takes 0.226000070572 seconds : function:GET /api/mgr/sq_mgr/  
0121_10:29:25 !! op takes 0.163000106812 seconds : function:GET /api/mgr/sq_mgr/  
0121_10:29:25 !! op takes 0.364000082016 seconds : function:GET /api/mgr/sq_mgr/  
0121_10:29:28 !! op takes 0.106999874115 seconds : function:GET /api/mgr/sq_mgr/  
0121_10:29:31 !! op takes 0.105999946594 seconds : function:GET /api/mgr/sq_mgr/  
0121_10:29:33 !! op takes 0.104000091553 seconds : function:GET /api/mgr/sq_mgr/  
0121_10:29:33 !! op takes 0.19000005722 seconds : function:GET /api/mgr/sq_mgr/  
0121_10:29:33 !! op takes 0.166000127792 seconds : function:GET /api/mgr/sq_mgr/  
0121_10:29:35 !! op takes 0.141999959946 seconds : function:GET /api/mgr/sq_mgr/  
0121_10:29:35 !! op takes 0.153000116348 seconds : function:GET /api/mgr/sq_mgr/  
0121_10:29:43 !! op takes 0.119999885559 seconds : function:GET /api/mgr/sq_mgr/  
0121_10:29:43 !! op takes 0.155999898911 seconds : function:GET /api/mgr/sq_mgr/  
0121_10:29:49 !! op takes 0.150000095367 seconds : function:GET /api/mgr/sq_mgr/  
0121_10:29:50 !! op takes 0.125999927521 seconds : function:GET /api/mgr/sq_mgr/  
0121_10:29:50 !! op takes 0.155999898911 seconds : function:GET /api/mgr/sq_mgr/  
0121_10:29:53 !! op takes 0.102999925613 seconds : function:GET /api/mgr/sq_mgr/  
0121_10:29:56 !! op takes 0.108999967575 seconds : function:GET /api/mgr/sq_mgr/  
0121_10:29:56 !! op takes 0.12299990654 seconds : function:GET /api/mgr/sq_mgr/  
0121_10:29:57 !! op takes 0.112999916077 seconds : function:GET /api/mgr/sq_mgr/  
0121_10:29:57 !! op takes 0.113000154495 seconds : function:GET /api/mgr/sq_mgr/  
0121_10:29:58 !! op takes 0.113999843597 seconds : function:GET /api/mgr/sq_mgr/  
0121_10:29:59 !! op takes 0.160999774933 seconds : function:GET /api/mgr/sq_mgr/  
0121_10:29:59 !! op takes 0.118000030518 seconds : function:GET /api/mgr/sq_mgr/  
0121_10:29:59 !! op takes 0.121999979019 seconds : function:GET /api/mgr/sq_mgr/  
0121_10:30:25 !! op takes 0.130999803543 seconds : function:GET /api/mgr/sq_mgr/  
0121_10:30:25 !! op takes 0.193000078201 seconds : function:GET /api/mgr/sq_mgr/  
0121_10:30:26 !! op takes 0.108000040054 seconds : function:GET /api/mgr/sq_mgr/  
0121_10:30:26 !! op takes 0.117000102997 seconds : function:GET /api/mgr/sq_mgr/  
